<?xml version="1.0" encoding="UTF-8"?>
<testng-results ignored="0" total="1" passed="0" failed="1" skipped="0">
  <reporter-output>
  </reporter-output>
  <suite started-at="2024-03-20T16:30:35 IST" name="Default suite" finished-at="2024-03-20T16:31:01 IST" duration-ms="26044">
    <groups>
      <group name="RegressionSuite">
        <method signature="CreateNewLeadTests.CreateLead()[pri:0, instance:LeadsTests.CreateNewLeadTests@792b749c]" name="CreateLead" class="LeadsTests.CreateNewLeadTests"/>
      </group> <!-- RegressionSuite -->
    </groups>
    <test started-at="2024-03-20T16:30:35 IST" name="Default test" finished-at="2024-03-20T16:31:01 IST" duration-ms="26044">
      <class name="LeadsTests.CreateNewLeadTests">
        <test-method is-config="true" signature="bsconfig()[pri:0, instance:LeadsTests.CreateNewLeadTests@792b749c]" started-at="2024-03-20T16:30:35 IST" name="bsconfig" finished-at="2024-03-20T16:30:35 IST" duration-ms="18" status="PASS">
          <reporter-output>
          </reporter-output>
        </test-method> <!-- bsconfig -->
        <test-method is-config="true" signature="bcconfig()[pri:0, instance:LeadsTests.CreateNewLeadTests@792b749c]" started-at="2024-03-20T16:30:36 IST" name="bcconfig" finished-at="2024-03-20T16:30:42 IST" duration-ms="6847" status="PASS">
          <reporter-output>
          </reporter-output>
        </test-method> <!-- bcconfig -->
        <test-method is-config="true" signature="bmconfig()[pri:0, instance:LeadsTests.CreateNewLeadTests@792b749c]" started-at="2024-03-20T16:30:42 IST" name="bmconfig" finished-at="2024-03-20T16:30:47 IST" duration-ms="4242" status="PASS">
          <reporter-output>
          </reporter-output>
        </test-method> <!-- bmconfig -->
        <test-method signature="CreateLead()[pri:0, instance:LeadsTests.CreateNewLeadTests@792b749c]" started-at="2024-03-20T16:30:47 IST" name="CreateLead" finished-at="2024-03-20T16:30:58 IST" duration-ms="10994" status="FAIL">
          <exception class="java.lang.AssertionError">
            <message>
              <![CDATA[null]]>
            </message>
            <full-stacktrace>
              <![CDATA[java.lang.AssertionError: null
at org.testng.Assert.fail(Assert.java:111)
at org.testng.Assert.fail(Assert.java:116)
at LeadsTests.CreateNewLeadTests.CreateLead(CreateNewLeadTests.java:31)
at java.base/jdk.internal.reflect.NativeMethodAccessorImpl.invoke0(Native Method)
at java.base/jdk.internal.reflect.NativeMethodAccessorImpl.invoke(NativeMethodAccessorImpl.java:77)
at java.base/jdk.internal.reflect.DelegatingMethodAccessorImpl.invoke(DelegatingMethodAccessorImpl.java:43)
at java.base/java.lang.reflect.Method.invoke(Method.java:568)
at org.testng.internal.invokers.MethodInvocationHelper.invokeMethod(MethodInvocationHelper.java:139)
at org.testng.internal.invokers.TestInvoker.invokeMethod(TestInvoker.java:664)
at org.testng.internal.invokers.TestInvoker.invokeTestMethod(TestInvoker.java:228)
at org.testng.internal.invokers.MethodRunner.runInSequence(MethodRunner.java:63)
at org.testng.internal.invokers.TestInvoker$MethodInvocationAgent.invoke(TestInvoker.java:961)
at org.testng.internal.invokers.TestInvoker.invokeTestMethods(TestInvoker.java:201)
at org.testng.internal.invokers.TestMethodWorker.invokeTestMethods(TestMethodWorker.java:148)
at org.testng.internal.invokers.TestMethodWorker.run(TestMethodWorker.java:128)
at java.base/java.util.ArrayList.forEach(ArrayList.java:1511)
at org.testng.TestRunner.privateRun(TestRunner.java:819)
at org.testng.TestRunner.run(TestRunner.java:619)
at org.testng.SuiteRunner.runTest(SuiteRunner.java:443)
at org.testng.SuiteRunner.runSequentially(SuiteRunner.java:437)
at org.testng.SuiteRunner.privateRun(SuiteRunner.java:397)
at org.testng.SuiteRunner.run(SuiteRunner.java:336)
at org.testng.SuiteRunnerWorker.runSuite(SuiteRunnerWorker.java:52)
at org.testng.SuiteRunnerWorker.run(SuiteRunnerWorker.java:95)
at org.testng.TestNG.runSuitesSequentially(TestNG.java:1301)
at org.testng.TestNG.runSuitesLocally(TestNG.java:1228)
at org.testng.TestNG.runSuites(TestNG.java:1134)
at org.testng.TestNG.run(TestNG.java:1101)
at org.testng.remote.AbstractRemoteTestNG.run(AbstractRemoteTestNG.java:115)
at org.testng.remote.RemoteTestNG.initAndRun(RemoteTestNG.java:251)
at org.testng.remote.RemoteTestNG.main(RemoteTestNG.java:77)
]]>
            </full-stacktrace>
          </exception> <!-- java.lang.AssertionError -->
          <reporter-output>
          </reporter-output>
        </test-method> <!-- CreateLead -->
        <test-method is-config="true" signature="amconfig()[pri:0, instance:LeadsTests.CreateNewLeadTests@792b749c]" started-at="2024-03-20T16:30:58 IST" name="amconfig" finished-at="2024-03-20T16:31:00 IST" duration-ms="2253" status="PASS">
          <reporter-output>
          </reporter-output>
        </test-method> <!-- amconfig -->
        <test-method is-config="true" signature="afconfig()[pri:0, instance:LeadsTests.CreateNewLeadTests@792b749c]" started-at="2024-03-20T16:31:00 IST" name="afconfig" finished-at="2024-03-20T16:31:01 IST" duration-ms="369" status="PASS">
          <reporter-output>
          </reporter-output>
        </test-method> <!-- afconfig -->
        <test-method is-config="true" signature="asconfig()[pri:0, instance:LeadsTests.CreateNewLeadTests@792b749c]" started-at="2024-03-20T16:31:01 IST" name="asconfig" finished-at="2024-03-20T16:31:01 IST" duration-ms="1" status="PASS">
          <reporter-output>
          </reporter-output>
        </test-method> <!-- asconfig -->
      </class> <!-- LeadsTests.CreateNewLeadTests -->
    </test> <!-- Default test -->
  </suite> <!-- Default suite -->
</testng-results>
